<?xml version="1.0" encoding="UTF-8"?>
<!-- Generated by org.testng.reporters.JUnitReportReporter -->
<testsuite hostname="DESKTOP-HQOFSA1" failures="0" tests="3" name="com.lenskart.testCases.TechnicalinfoTest" time="47.744" errors="0" timestamp="2022-06-06T20:43:43 IST" skipped="0">
  <testcase classname="com.lenskart.testCases.TechnicalinfoTest" name="searchTest" time="17.733"/>
  <system-out/>
  <testcase classname="com.lenskart.testCases.TechnicalinfoTest" name="loginTest" time="24.112"/>
  <system-out/>
  <testcase classname="com.lenskart.testCases.TechnicalinfoTest" name="technicalInfo" time="5.899"/>
  <system-out/>
</testsuite> <!-- com.lenskart.testCases.TechnicalinfoTest -->
