<?xml version="1.0" encoding="UTF-8"?>
<!-- Generated by org.testng.reporters.JUnitReportReporter -->
<testsuite hostname="DESKTOP-HQOFSA1" failures="0" tests="3" name="com.lenskart.testCases.CartTest" time="51.403" errors="0" timestamp="2022-06-07T09:39:27 IST" skipped="0">
  <testcase classname="com.lenskart.testCases.CartTest" name="loginTest" time="16.228"/>
  <system-out/>
  <testcase classname="com.lenskart.testCases.CartTest" name="cartTest" time="12.954"/>
  <system-out/>
  <testcase classname="com.lenskart.testCases.CartTest" name="searchTest" time="22.221"/>
  <system-out/>
</testsuite> <!-- com.lenskart.testCases.CartTest -->
