<?xml version="1.0" encoding="UTF-8"?>
<!-- Generated by org.testng.reporters.JUnitReportReporter -->
<testsuite hostname="DESKTOP-HQOFSA1" failures="0" tests="1" name="com.lenskart.testCases.LoginTest" time="40.508" errors="0" timestamp="2022-06-09T21:43:48 IST" skipped="0">
  <testcase classname="com.lenskart.testCases.LoginTest" name="loginTest" time="40.508"/>
  <system-out/>
</testsuite> <!-- com.lenskart.testCases.LoginTest -->
