<?xml version="1.0" encoding="UTF-8"?>
<!-- Generated by org.testng.reporters.JUnitReportReporter -->
<testsuite hostname="DESKTOP-HQOFSA1" failures="0" tests="4" name="com.lenskart.testCases.ShippingTest" time="46.165" errors="0" timestamp="2022-06-09T19:36:22 IST" skipped="0">
  <testcase classname="com.lenskart.testCases.ShippingTest" name="loginTest" time="17.399"/>
  <system-out/>
  <testcase classname="com.lenskart.testCases.ShippingTest" name="cartTest" time="6.298"/>
  <system-out/>
  <testcase classname="com.lenskart.testCases.ShippingTest" name="ziShipping" time="6.952"/>
  <system-out/>
  <testcase classname="com.lenskart.testCases.ShippingTest" name="searchTest" time="15.516"/>
  <system-out/>
</testsuite> <!-- com.lenskart.testCases.ShippingTest -->
