<?xml version="1.0" encoding="UTF-8"?>
<!-- Generated by org.testng.reporters.JUnitReportReporter -->
<testsuite hostname="DESKTOP-HQOFSA1" failures="0" tests="3" name="com.lenskart.testCases.SeCartTest" time="0.000" errors="0" timestamp="2022-06-09T11:48:19 IST" skipped="3">
  <testcase classname="com.lenskart.testCases.SeCartTest" name="cartTest" time="0.000">
    <skipped/>
  </testcase> <!-- cartTest -->
  <system-out/>
  <testcase classname="com.lenskart.testCases.SeCartTest" name="loginTest" time="0.000">
    <skipped/>
  </testcase> <!-- loginTest -->
  <system-out/>
  <testcase classname="com.lenskart.testCases.SeCartTest" name="searchTest" time="0.000">
    <skipped/>
  </testcase> <!-- searchTest -->
  <system-out/>
</testsuite> <!-- com.lenskart.testCases.SeCartTest -->
