<?xml version="1.0" encoding="UTF-8"?>
<!-- Generated by org.testng.reporters.JUnitReportReporter -->
<testsuite hostname="DESKTOP-HQOFSA1" failures="0" tests="3" name="com.lenskart.testCases.EmptyCart" time="56.203" errors="0" timestamp="2022-06-09T22:52:47 IST" skipped="0">
  <testcase classname="com.lenskart.testCases.EmptyCart" name="cartTest" time="21.152"/>
  <system-out/>
  <testcase classname="com.lenskart.testCases.EmptyCart" name="searchTest" time="17.666"/>
  <system-out/>
  <testcase classname="com.lenskart.testCases.EmptyCart" name="loginTest" time="17.385"/>
  <system-out/>
</testsuite> <!-- com.lenskart.testCases.EmptyCart -->
